[     796ms] [VERBOSE] [DOM] Multiple forms should be contained in their own form elements; break up complex forms into ones that represent a single action: (More info: https://goo.gl/9p2vKq) %o @ https://play.flexiquote.app/SignInCsr.aspx:0
[   20731ms] [ERROR] An error has occured while retrieving location GeolocationPositionError @ https://play.flexiquote.app/SignInCsr.aspx:700
[   21081ms] [LOG] Hyderabad TS 500029, India @ https://play.flexiquote.app/SignInCsr.aspx:623
[   26353ms] [WARNING] [vue-router] Named Route 'SystemModuleView' has a default child route. When navigating to this named route (:to="{name: 'SystemModuleView'}"), the default child route will not be rendered. Remove the name from this route and use the name of the default child route for named links instead. @ webpack:///./node_modules/vue-router/dist/vue-router.esm.js?:23
[   26353ms] [WARNING] [vue-router] Duplicate named routes definition: { name: "SuperadminCompanyDetail", path: "/superadmin/company/:companyId/detail/:companyType?" } @ webpack:///./node_modules/vue-router/dist/vue-router.esm.js?:23
[   26353ms] [WARNING] [vue-router] Named Route 'SystemMessageView' has a default child route. When navigating to this named route (:to="{name: 'SystemMessageView'}"), the default child route will not be rendered. Remove the name from this route and use the name of the default child route for named links instead. @ webpack:///./node_modules/vue-router/dist/vue-router.esm.js?:23
[   26478ms] [LOG] NODE_ENV: staging @ webpack:///./src/main.js?:62
[   26544ms] [INFO] Download the Vue Devtools extension for a better development experience:
https://github.com/vuejs/vue-devtools @ webpack:///./node_modules/@sentry/browser/node_modules/@sentry/core/build/esm/instrument/console.js?:54
[   30632ms] [LOG] created @ webpack:///./node_modules/@sentry/browser/node_modules/@sentry/core/build/esm/instrument/console.js?:54
[   30645ms] [LOG] mounted @ webpack:///./node_modules/@sentry/browser/node_modules/@sentry/core/build/esm/instrument/console.js?:54
[   36750ms] [LOG] from WebApi @ webpack:///./node_modules/@sentry/browser/node_modules/@sentry/core/build/esm/instrument/console.js?:54
[   36764ms] [LOG] setInnerJobNSubJobStageCompositeKey @ webpack:///./node_modules/@sentry/browser/node_modules/@sentry/core/build/esm/instrument/console.js?:54
[   37414ms] [LOG] getEntity Promise.all @ webpack:///./node_modules/@sentry/browser/node_modules/@sentry/core/build/esm/instrument/console.js?:54
[   37417ms] [LOG] QuoteView - 2026-05-28T07:53:05.297 @ webpack:///./node_modules/@sentry/browser/node_modules/@sentry/core/build/esm/instrument/console.js?:54
[   37417ms] [LOG] QuoteView - 2026-05-28T07:52:13.563 @ webpack:///./node_modules/@sentry/browser/node_modules/@sentry/core/build/esm/instrument/console.js?:54
[   37418ms] [LOG] QuoteView - 2026-05-26T04:43:51.797 @ webpack:///./node_modules/@sentry/browser/node_modules/@sentry/core/build/esm/instrument/console.js?:54
[   37493ms] [LOG] QuoteCustomer - mounted @ webpack:///./node_modules/@sentry/browser/node_modules/@sentry/core/build/esm/instrument/console.js?:54
[   37592ms] [LOG] QuoteVehicle - 2026-05-28T07:53:05.297 @ webpack:///./node_modules/@sentry/browser/node_modules/@sentry/core/build/esm/instrument/console.js?:54
[   37592ms] [LOG] QuoteVehicle - 2026-06-01T00:56:05.11 @ webpack:///./node_modules/@sentry/browser/node_modules/@sentry/core/build/esm/instrument/console.js?:54
[   37593ms] [LOG] QuoteCustomer - 2026-05-28T07:52:13.563 @ webpack:///./node_modules/@sentry/browser/node_modules/@sentry/core/build/esm/instrument/console.js?:54
[   37593ms] [LOG] QuoteCustomer - 2026-06-01T00:56:05.11 @ webpack:///./node_modules/@sentry/browser/node_modules/@sentry/core/build/esm/instrument/console.js?:54
[   37594ms] [LOG] QuoteInsurer - 2026-05-26T04:43:51.797 @ webpack:///./node_modules/@sentry/browser/node_modules/@sentry/core/build/esm/instrument/console.js?:54
[   37594ms] [LOG] QuoteInsurer - 2026-06-01T00:56:05.11 @ webpack:///./node_modules/@sentry/browser/node_modules/@sentry/core/build/esm/instrument/console.js?:54
[   37596ms] [LOG] QuoteBooking - 2026-06-01T00:55:09.123Z @ webpack:///./node_modules/@sentry/browser/node_modules/@sentry/core/build/esm/instrument/console.js?:54
[   37596ms] [LOG] QuoteBooking - 2026-06-01T00:56:05.11 @ webpack:///./node_modules/@sentry/browser/node_modules/@sentry/core/build/esm/instrument/console.js?:54
[   37872ms] [LOG] setInnerJobNSubJobStageCompositeKey @ webpack:///./node_modules/@sentry/browser/node_modules/@sentry/core/build/esm/instrument/console.js?:54
[   37917ms] [WARNING] Google Maps JavaScript API has been loaded directly without loading=async. This can result in suboptimal performance. For best-practice loading patterns please see https://goo.gle/js-api-loading @ webpack:///./node_modules/@sentry/browser/node_modules/@sentry/core/build/esm/instrument/console.js?:54
[   45650ms] [LOG] beforeRouteUpdate @ webpack:///./node_modules/@sentry/browser/node_modules/@sentry/core/build/esm/instrument/console.js?:54
[   45651ms] [LOG] isNextRouteWithinQuote @ webpack:///./node_modules/@sentry/browser/node_modules/@sentry/core/build/esm/instrument/console.js?:54
[   45679ms] [LOG] QuoteCustomer - beforeDestroy @ webpack:///./node_modules/@sentry/browser/node_modules/@sentry/core/build/esm/instrument/console.js?:54
[   47952ms] [ERROR] [Vue warn]: Error in render: "TypeError: Cannot read properties of null (reading 'invoiceRemark')"

found in

---> <InvoiceControl> at src/views/quote/components/InvoiceControl.vue
       <QuoteAssessmentInvoice> at src/views/quote/QuoteAssessmentInvoice.vue
         <QuoteView> at src/views/quote/QuoteView.vue
           <App> at src/App.vue
             <Root> @ webpack:///./node_modules/@sentry/browser/node_modules/@sentry/core/build/esm/instrument/console.js?:54
[   47953ms] [ERROR] TypeError: Cannot read properties of null (reading 'invoiceRemark')
    at Proxy.render (webpack:///./src/views/quote/components/InvoiceControl.vue?./node_modules/cache-loader/dist/cjs.js?%7B%22cacheDirectory%22:%22node_modules/.cache/vue-loader%22,%22cacheIdentifier%22:%222abd4695-vue-loader-template%22%7D!./node_modules/cache-loader/dist/cjs.js??ref--13-0!./node_modules/babel-loader/lib!./node_modules/vue-loader/lib/loaders/templateLoader.js??ref--6!./node_modules/cache-loader/dist/cjs.js??ref--1-0!./node_modules/vue-loader/lib??vue-loader-options:891:26)
    at Vue._render (webpack:///./node_modules/vue/dist/vue.runtime.esm.js?:2739:28)
    at VueComponent.updateComponent (webpack:///./node_modules/vue/dist/vue.runtime.esm.js?:3930:27)
    at Watcher.get (webpack:///./node_modules/vue/dist/vue.runtime.esm.js?:3501:33)
    at new Watcher (webpack:///./node_modules/vue/dist/vue.runtime.esm.js?:3491:51)
    at mountComponent (webpack:///./node_modules/vue/dist/vue.runtime.esm.js?:3947:5)
    at Vue.$mount (webpack:///./node_modules/vue/dist/vue.runtime.esm.js?:8830:12)
    at init (webpack:///./node_modules/vue/dist/vue.runtime.esm.js?:4464:19)
    at createComponent (webpack:///./node_modules/vue/dist/vue.runtime.esm.js?:6624:17)
    at createElm (webpack:///./node_modules/vue/dist/vue.runtime.esm.js?:6578:13)
    at updateChildren (webpack:///./node_modules/vue/dist/vue.runtime.esm.js?:6873:21)
    at patchVnode (webpack:///./node_modules/vue/dist/vue.runtime.esm.js?:6966:21)
    at updateChildren (webpack:///./node_modules/vue/dist/vue.runtime.esm.js?:6840:17)
    at patchVnode (webpack:///./node_modules/vue/dist/vue.runtime.esm.js?:6966:21)
    at updateChildren (webpack:///./node_modules/vue/dist/vue.runtime.esm.js?:6840:17)
    at patchVnode (webpack:///./node_modules/vue/dist/vue.runtime.esm.js?:6966:21)
    at updateChildren (webpack:///./node_modules/vue/dist/vue.runtime.esm.js?:6840:17)
    at patchVnode (webpack:///./node_modules/vue/dist/vue.runtime.esm.js?:6966:21)
    at VueComponent.patch [as __patch__] (webpack:///./node_modules/vue/dist/vue.runtime.esm.js?:7134:17)
    at Vue._update (webpack:///./node_modules/vue/dist/vue.runtime.esm.js?:3824:25)
    at VueComponent.updateComponent (webpack:///./node_modules/vue/dist/vue.runtime.esm.js?:3930:16)
    at Watcher.get (webpack:///./node_modules/vue/dist/vue.runtime.esm.js?:3501:33)
    at Watcher.run (webpack:///./node_modules/vue/dist/vue.runtime.esm.js?:3577:30)
    at flushSchedulerQueue (webpack:///./node_modules/vue/dist/vue.runtime.esm.js?:4180:17)
    at Array.eval (webpack:///./node_modules/vue/dist/vue.runtime.esm.js?:3198:20)
    at flushCallbacks (webpack:///./node_modules/vue/dist/vue.runtime.esm.js?:3120:18) @ webpack:///./node_modules/@sentry/browser/node_modules/@sentry/core/build/esm/instrument/console.js?:54
[   50164ms] [ERROR] [Vue warn]: Error in render: "TypeError: Cannot read properties of null (reading 'invoiceRemark')"

found in

---> <InvoiceControl> at src/views/quote/components/InvoiceControl.vue
       <QuoteAssessmentInvoice> at src/views/quote/QuoteAssessmentInvoice.vue
         <QuoteView> at src/views/quote/QuoteView.vue
           <App> at src/App.vue
             <Root> @ webpack:///./node_modules/@sentry/browser/node_modules/@sentry/core/build/esm/instrument/console.js?:54
[   50165ms] [ERROR] TypeError: Cannot read properties of null (reading 'invoiceRemark')
    at Proxy.render (webpack:///./src/views/quote/components/InvoiceControl.vue?./node_modules/cache-loader/dist/cjs.js?%7B%22cacheDirectory%22:%22node_modules/.cache/vue-loader%22,%22cacheIdentifier%22:%222abd4695-vue-loader-template%22%7D!./node_modules/cache-loader/dist/cjs.js??ref--13-0!./node_modules/babel-loader/lib!./node_modules/vue-loader/lib/loaders/templateLoader.js??ref--6!./node_modules/cache-loader/dist/cjs.js??ref--1-0!./node_modules/vue-loader/lib??vue-loader-options:891:26)
    at Vue._render (webpack:///./node_modules/vue/dist/vue.runtime.esm.js?:2739:28)
    at VueComponent.updateComponent (webpack:///./node_modules/vue/dist/vue.runtime.esm.js?:3930:27)
    at Watcher.get (webpack:///./node_modules/vue/dist/vue.runtime.esm.js?:3501:33)
    at new Watcher (webpack:///./node_modules/vue/dist/vue.runtime.esm.js?:3491:51)
    at mountComponent (webpack:///./node_modules/vue/dist/vue.runtime.esm.js?:3947:5)
    at Vue.$mount (webpack:///./node_modules/vue/dist/vue.runtime.esm.js?:8830:12)
    at init (webpack:///./node_modules/vue/dist/vue.runtime.esm.js?:4464:19)
    at createComponent (webpack:///./node_modules/vue/dist/vue.runtime.esm.js?:6624:17)
    at createElm (webpack:///./node_modules/vue/dist/vue.runtime.esm.js?:6578:13)
    at updateChildren (webpack:///./node_modules/vue/dist/vue.runtime.esm.js?:6873:21)
    at patchVnode (webpack:///./node_modules/vue/dist/vue.runtime.esm.js?:6966:21)
    at updateChildren (webpack:///./node_modules/vue/dist/vue.runtime.esm.js?:6840:17)
    at patchVnode (webpack:///./node_modules/vue/dist/vue.runtime.esm.js?:6966:21)
    at updateChildren (webpack:///./node_modules/vue/dist/vue.runtime.esm.js?:6840:17)
    at patchVnode (webpack:///./node_modules/vue/dist/vue.runtime.esm.js?:6966:21)
    at updateChildren (webpack:///./node_modules/vue/dist/vue.runtime.esm.js?:6840:17)
    at patchVnode (webpack:///./node_modules/vue/dist/vue.runtime.esm.js?:6966:21)
    at VueComponent.patch [as __patch__] (webpack:///./node_modules/vue/dist/vue.runtime.esm.js?:7134:17)
    at Vue._update (webpack:///./node_modules/vue/dist/vue.runtime.esm.js?:3824:25)
    at VueComponent.updateComponent (webpack:///./node_modules/vue/dist/vue.runtime.esm.js?:3930:16)
    at Watcher.get (webpack:///./node_modules/vue/dist/vue.runtime.esm.js?:3501:33)
    at Watcher.run (webpack:///./node_modules/vue/dist/vue.runtime.esm.js?:3577:30)
    at flushSchedulerQueue (webpack:///./node_modules/vue/dist/vue.runtime.esm.js?:4180:17)
    at Array.eval (webpack:///./node_modules/vue/dist/vue.runtime.esm.js?:3198:20)
    at flushCallbacks (webpack:///./node_modules/vue/dist/vue.runtime.esm.js?:3120:18) @ webpack:///./node_modules/@sentry/browser/node_modules/@sentry/core/build/esm/instrument/console.js?:54
[   52406ms] [ERROR] [Vue warn]: Error in render: "TypeError: Cannot read properties of null (reading 'invoiceRemark')"

found in

---> <InvoiceControl> at src/views/quote/components/InvoiceControl.vue
       <QuoteAssessmentInvoice> at src/views/quote/QuoteAssessmentInvoice.vue
         <QuoteView> at src/views/quote/QuoteView.vue
           <App> at src/App.vue
             <Root> @ webpack:///./node_modules/@sentry/browser/node_modules/@sentry/core/build/esm/instrument/console.js?:54
[   52406ms] [ERROR] TypeError: Cannot read properties of null (reading 'invoiceRemark')
    at Proxy.render (webpack:///./src/views/quote/components/InvoiceControl.vue?./node_modules/cache-loader/dist/cjs.js?%7B%22cacheDirectory%22:%22node_modules/.cache/vue-loader%22,%22cacheIdentifier%22:%222abd4695-vue-loader-template%22%7D!./node_modules/cache-loader/dist/cjs.js??ref--13-0!./node_modules/babel-loader/lib!./node_modules/vue-loader/lib/loaders/templateLoader.js??ref--6!./node_modules/cache-loader/dist/cjs.js??ref--1-0!./node_modules/vue-loader/lib??vue-loader-options:891:26)
    at Vue._render (webpack:///./node_modules/vue/dist/vue.runtime.esm.js?:2739:28)
    at VueComponent.updateComponent (webpack:///./node_modules/vue/dist/vue.runtime.esm.js?:3930:27)
    at Watcher.get (webpack:///./node_modules/vue/dist/vue.runtime.esm.js?:3501:33)
    at Watcher.run (webpack:///./node_modules/vue/dist/vue.runtime.esm.js?:3577:30)
    at flushSchedulerQueue (webpack:///./node_modules/vue/dist/vue.runtime.esm.js?:4180:17)
    at Array.eval (webpack:///./node_modules/vue/dist/vue.runtime.esm.js?:3198:20)
    at flushCallbacks (webpack:///./node_modules/vue/dist/vue.runtime.esm.js?:3120:18) @ webpack:///./node_modules/@sentry/browser/node_modules/@sentry/core/build/esm/instrument/console.js?:54
[   55164ms] [LOG] from WebApi @ webpack:///./node_modules/@sentry/browser/node_modules/@sentry/core/build/esm/instrument/console.js?:54
[   55707ms] [LOG] getEntity Promise.all @ webpack:///./node_modules/@sentry/browser/node_modules/@sentry/core/build/esm/instrument/console.js?:54
[   55710ms] [LOG] QuoteView - 2026-05-28T07:53:05.297 @ webpack:///./node_modules/@sentry/browser/node_modules/@sentry/core/build/esm/instrument/console.js?:54
[   55710ms] [LOG] QuoteView - 2026-05-28T07:52:13.563 @ webpack:///./node_modules/@sentry/browser/node_modules/@sentry/core/build/esm/instrument/console.js?:54
[   55711ms] [LOG] QuoteView - 2026-05-26T04:43:51.797 @ webpack:///./node_modules/@sentry/browser/node_modules/@sentry/core/build/esm/instrument/console.js?:54
[   94507ms] [LOG] from WebApi @ webpack:///./node_modules/@sentry/browser/node_modules/@sentry/core/build/esm/instrument/console.js?:54
[   95124ms] [LOG] getEntity Promise.all @ webpack:///./node_modules/@sentry/browser/node_modules/@sentry/core/build/esm/instrument/console.js?:54
[   95127ms] [LOG] QuoteView - 2026-05-28T07:53:05.297 @ webpack:///./node_modules/@sentry/browser/node_modules/@sentry/core/build/esm/instrument/console.js?:54
[   95127ms] [LOG] QuoteView - 2026-05-28T07:52:13.563 @ webpack:///./node_modules/@sentry/browser/node_modules/@sentry/core/build/esm/instrument/console.js?:54
[   95127ms] [LOG] QuoteView - 2026-05-26T04:43:51.797 @ webpack:///./node_modules/@sentry/browser/node_modules/@sentry/core/build/esm/instrument/console.js?:54
[  157058ms] [ERROR] Failed to load resource: the server responded with a status of 429 () @ https://play.flexiquote.app/UniqApi/v1/sms/unreadcount/5f443d25-2293-4631-be55-51b112024916:0
[  157063ms] [LOG] Error in API call: {status: 429, statusText: , url: /sms/unreadcount/5f443d25-2293-4631-be55-51b112024916, errorCode: } @ webpack:///./node_modules/@sentry/browser/node_modules/@sentry/core/build/esm/instrument/console.js?:54
[  157065ms] [LOG] Error data: {status: 429, statusText: N/A, headers: AxiosHeaders, data: <!doctype html><meta charset="utf-8"><meta name=vi…-scale=1"><title>429</title>429 Too Many Requests} @ webpack:///./node_modules/@sentry/browser/node_modules/@sentry/core/build/esm/instrument/console.js?:54
[  157067ms] [LOG] Error data: <!doctype html><meta charset="utf-8"><meta name=viewport content="width=device-width, initial-scale=1"><title>429</title>429 Too Many Requests @ webpack:///./node_modules/@sentry/browser/node_modules/@sentry/core/build/esm/instrument/console.js?:54
[  157068ms] [LOG] Error statusText:  @ webpack:///./node_modules/@sentry/browser/node_modules/@sentry/core/build/esm/instrument/console.js?:54
[  157096ms] AxiosError
[  157384ms] [ERROR] Failed to load resource: the server responded with a status of 429 () @ https://o1306360.ingest.us.sentry.io/api/4510401299283968/envelope/?sentry_version=7&sentry_key=30f3767a285bb9a75c78fd9a2b70f447&sentry_client=sentry.javascript.vue%2F10.47.0:0
[  177445ms] [ERROR] Failed to load resource: the server responded with a status of 429 () @ https://play.flexiquote.app/UniqApi/v1/notifications/list/1:0
[  177448ms] [LOG] Error in API call: {status: 429, statusText: , url: /notifications/list/1, errorCode: } @ webpack:///./node_modules/@sentry/browser/node_modules/@sentry/core/build/esm/instrument/console.js?:54
[  177449ms] [LOG] Error data: {status: 429, statusText: N/A, headers: AxiosHeaders, data: <!doctype html><meta charset="utf-8"><meta name=vi…-scale=1"><title>429</title>429 Too Many Requests} @ webpack:///./node_modules/@sentry/browser/node_modules/@sentry/core/build/esm/instrument/console.js?:54
[  177450ms] [LOG] Error data: <!doctype html><meta charset="utf-8"><meta name=viewport content="width=device-width, initial-scale=1"><title>429</title>429 Too Many Requests @ webpack:///./node_modules/@sentry/browser/node_modules/@sentry/core/build/esm/instrument/console.js?:54
[  177450ms] [LOG] Error statusText:  @ webpack:///./node_modules/@sentry/browser/node_modules/@sentry/core/build/esm/instrument/console.js?:54
[  177457ms] AxiosError
